BUILD: Examining d:\拖机系统\虚拟鼠~1\hidmouse directory for files to compile.
Compiling d:\拖机系统\虚拟鼠~1\hidmouse directory ********************
'nmake.exe /c BUILDMSG=Stop. -i NTTEST= UMTEST= NOLINK=1 386=1'
1>    rc -l 409 -DSXS_ASSEMBLY_NAME=""""""  -DSXS_ASSEMBLY_VERSION=""""""  -DSXS_ASSEMBLY_LANGUAGE=""""""  -DSXS_PROCESSOR_ARCHITECTURE="""x86"""  -DSXS_TARGET="""VHIDMOU.sys"""   -DSYSTEM_COMPATIBLE_ASSEMBLY_NAME="""Microsoft.Windows.SystemCompatible"""  -DLSYSTEM_COMPATIBLE_ASSEMBLY_NAME=L"""Microsoft.Windows.SystemCompatible"""   -z "MS Sans Serif,Helv/MS Shell Dlg"  -r -fo objchk\i386\vhidmou.tmp -D_X86_=1 -Di386=1  -DSTD_CALL -DCONDITION_HANDLING=1   -DNT_INST=0 -DWIN32=100 -D_NT1X_=100 -DWINNT=1 -D_WIN32_WINNT=0x0501 /DWINVER=0x0501 -D_WIN32_IE=0x0600    -DWIN32_LEAN_AND_MEAN=1 -DDBG=1 -DDEVL=1 -D__BUILDMACHINE__=WinDDK -DFPO=0  -DNDEBUG -D_DLL=1 -DNTVERSION='WDM'   -Id:\PROGRA~1\Compuware\DriverStudio\DriverWorks\include -Id:\PROGRA~1\Compuware\DriverStudio\DriverWorks\source -Id:\PROGRA~1\Compuware\DriverStudio\DriverWorks\include\dep_vxd -Id:\WINDDK\2600\inc -Id:\WINDDK\2600\src\wdm\hid\inc -Id:\WINDDK\2600\src\hid\inc -Iobjchk\i386 -Id:\WINDDK\2600\inc\wxp -Id:\WINDDK\2600\inc\wxp -Id:\WINDDK\2600\inc\ddk\wdm\wxp -Id:\WINDDK\2600\inc\crt .\vhidmou.rc
1>
1>
1>cl -nologo -Ii386\ -I. -Id:\PROGRA~1\Compuware\DriverStudio\DriverWorks\include -Id:\PROGRA~1\Compuware\DriverStudio\DriverWorks\source -Id:\PROGRA~1\Compuware\DriverStudio\DriverWorks\include\dep_vxd -Id:\WINDDK\2600\inc -Id:\WINDDK\2600\src\wdm\hid\inc -Id:\WINDDK\2600\src\hid\inc -Iobjchk\i386 -Id:\WINDDK\2600\inc\wxp -Id:\WINDDK\2600\inc\wxp -Id:\WINDDK\2600\inc\ddk\wdm\wxp -Id:\WINDDK\2600\inc\crt -D_X86_=1 -Di386=1  -DSTD_CALL -DCONDITION_HANDLING=1   -DNT_INST=0 -DWIN32=100 -D_NT1X_=100 -DWINNT=1 -D_WIN32_WINNT=0x0501 /DWINVER=0x0501 -D_WIN32_IE=0x0600    -DWIN32_LEAN_AND_MEAN=1 -DDBG=1 -DDEVL=1 -D__BUILDMACHINE__=WinDDK -DFPO=0  -DNDEBUG -D_DLL=1 -DNTVERSION='WDM'     /c /Zel /Zp8 /Gy -cbstring /W3 /WX /Gz  /QIfdiv- /QIf /G6 /Gi- /Gm- /GX-  /GR- /GF  -Z7 /Od /Oi /Oy- /FRD:\拖机系统\虚拟鼠~1\hidmouse\objchk\i386\   -FId:\WINDDK\2600\inc\wxp\warning.h     .\vhidmou.cpp
1>vhidmou.cpp
1>cl -nologo -Ii386\ -I. -Id:\PROGRA~1\Compuware\DriverStudio\DriverWorks\include -Id:\PROGRA~1\Compuware\DriverStudio\DriverWorks\source -Id:\PROGRA~1\Compuware\DriverStudio\DriverWorks\include\dep_vxd -Id:\WINDDK\2600\inc -Id:\WINDDK\2600\src\wdm\hid\inc -Id:\WINDDK\2600\src\hid\inc -Iobjchk\i386 -Id:\WINDDK\2600\inc\wxp -Id:\WINDDK\2600\inc\wxp -Id:\WINDDK\2600\inc\ddk\wdm\wxp -Id:\WINDDK\2600\inc\crt -D_X86_=1 -Di386=1  -DSTD_CALL -DCONDITION_HANDLING=1   -DNT_INST=0 -DWIN32=100 -D_NT1X_=100 -DWINNT=1 -D_WIN32_WINNT=0x0501 /DWINVER=0x0501 -D_WIN32_IE=0x0600    -DWIN32_LEAN_AND_MEAN=1 -DDBG=1 -DDEVL=1 -D__BUILDMACHINE__=WinDDK -DFPO=0  -DNDEBUG -D_DLL=1 -DNTVERSION='WDM'     /c /Zel /Zp8 /Gy -cbstring /W3 /WX /Gz  /QIfdiv- /QIf /G6 /Gi- /Gm- /GX-  /GR- /GF  -Z7 /Od /Oi /Oy- /FRD:\拖机系统\虚拟鼠~1\hidmouse\objchk\i386\   -FId:\WINDDK\2600\inc\wxp\warning.h     .\vmoudev.cpp
1>vmoudev.cpp
1>	bscmake -nologo -o "objchk\i386\VHIDMOU.bsc" @objchk\i386\bscmake.rsp
1>
1>Stop.
Linking d:\拖机系统\虚拟鼠~1\hidmouse directory ********************
'nmake.exe /c BUILDMSG=Stop. -i LINKONLY=1 NOPASS0=1 NTTEST= UMTEST= 386=1'
1>	link -out:objchk\i386\VHIDMOU.sys -machine:ix86 @d:\DOCUME~2\ADMINI~1\LOCALS~1\Temp\nma02964.
1>Microsoft (R) Incremental Linker Version 7.00.9210
1>Copyright (C) Microsoft Corporation.  All rights reserved.
1>
1>-MERGE:_PAGE=PAGE 
1>-MERGE:_TEXT=.text 
1>-SECTION:INIT,d 
1>-OPT:REF 
1>-OPT:ICF 
1>-IGNORE:4210,4010,4037,4039,4065,4070,4078,4087,4089,4198,4221 
1>-INCREMENTAL:NO 
1>-FULLBUILD 
1>/release 
1>-NODEFAULTLIB 
1>/WX 
1>-debug:FULL 
1>-debugtype:cv 
1>-version:5.1 
1>-osversion:5.1 
1>/opt:nowin98 
1>-STACK:0x40000,0x1000 
1>-driver -driver:wdm 
1>-base:0x10000 
1>-align:0x80 
1>-subsystem:native,1.10 
1>-entry:DriverEntry@8 
1>-out:objchk\i386\VHIDMOU.sys 
1>objchk\i386\vhidmou.res 
1>objchk\i386\vhidmou.obj 
1>objchk\i386\vmoudev.obj 
1>d:\WINDDK\2600\lib\wxp\i386\wdm.lib 
1>d:\PROGRA~1\Compuware\DriverStudio\DriverWorks\lib\i386\CHECKED\vdw_wdm.lib 
1>d:\WINDDK\2600\lib\wxp\i386\hidclass.lib 
1>Skip Binplace:
1>
1>Stop.
